Arguments: 
  C:\Program Files\nodejs\node.exe C:\Users\Brian\AppData\Roaming\npm\node_modules\yarn\bin\yarn.js

PATH: 
  C:\WINDOWS\system32;C:\WINDOWS;C:\WINDOWS\System32\Wbem;C:\WINDOWS\System32\WindowsPowerShell\v1.0\;C:\WINDOWS\System32\OpenSSH\;C:\Program Files\Git\cmd;C:\Program Files\TortoiseGit\bin;C:\Program Files\nodejs\;C:\WINDOWS\system32;C:\WINDOWS;C:\WINDOWS\System32\Wbem;C:\WINDOWS\System32\WindowsPowerShell\v1.0\;C:\WINDOWS\System32\OpenSSH\;C:\Program Files\Git\cmd;C:\Program Files\TortoiseGit\bin;C:\Program Files\nodejs\;C:\Users\Brian\AppData\Local\Microsoft\WindowsApps;C:\Users\Brian\AppData\Local\Programs\Microsoft VS Code\bin;C:\Users\Brian\AppData\Roaming\npm;C:\Program Files\nodejs\node;;C:\Program Files\nodejs

Yarn version: 
  1.22.4

Node version: 
  12.18.2

Platform: 
  win32 x64

Trace: 
  SyntaxError: C:\newsweting\package.json: Unexpected token < in JSON at position 520
      at JSON.parse (<anonymous>)
      at C:\Users\Brian\AppData\Roaming\npm\node_modules\yarn\lib\cli.js:1625:59
      at Generator.next (<anonymous>)
      at step (C:\Users\Brian\AppData\Roaming\npm\node_modules\yarn\lib\cli.js:310:30)
      at C:\Users\Brian\AppData\Roaming\npm\node_modules\yarn\lib\cli.js:321:13

npm manifest: 
  {
    "name": "newsweting",
    "version": "0.0.0",
    "private": true,
    "scripts": {
      "start": "node ./bin/www"
    },
    "dependencies": {
      "bcrypt-nodejs": "0.0.3",
      "body-parser": "^1.19.0",
      "cookie-parser": "~1.4.4",
      "crypt-js": "^1.0.4",
      "debug": "~2.6.9",
      "ejs": "^3.1.3",
      "express": "~4.16.1",
      "express-ejs-layouts": "^2.5.0",
      "http-errors": "~1.6.3",
      "jade": "~1.11.0",
      "mariadb": "^2.4.0",
      "morgan": "~1.9.1",
      "mustache-express": "^1.3.0",
      "mysql": "^2.18.1",
      "react": "^16.13.1"
    },
    "devDependencies": {
      "webpack": "^4.43.0",
      "webpack-cli": "^3.3.12",
      "webpack-dev-server": "^3.11.0"
      "nodemailer": "^6.4.10"
    }
  }

yarn manifest: 
  No manifest

Lockfile: 
  No lockfile
